0 info it worked if it ends with ok
1 verbose cli [ '/usr/bin/nodejs', '/usr/local/bin/npm', 'start' ]
2 info using npm@2.1.10
3 info using node@v5.11.0
4 verbose run-script [ 'prestart', 'start', 'poststart' ]
5 info prestart fire-client@1.0.0
6 info start fire-client@1.0.0
7 verbose unsafe-perm in lifecycle true
8 info fire-client@1.0.0 Failed to exec start script
9 verbose stack Error: fire-client@1.0.0 start: `node index`
9 verbose stack Exit status 1
9 verbose stack     at EventEmitter.<anonymous> (/usr/local/lib/node_modules/npm/lib/utils/lifecycle.js:212:16)
9 verbose stack     at emitTwo (events.js:100:13)
9 verbose stack     at EventEmitter.emit (events.js:185:7)
9 verbose stack     at ChildProcess.<anonymous> (/usr/local/lib/node_modules/npm/lib/utils/spawn.js:14:12)
9 verbose stack     at emitTwo (events.js:100:13)
9 verbose stack     at ChildProcess.emit (events.js:185:7)
9 verbose stack     at maybeClose (internal/child_process.js:850:16)
9 verbose stack     at Process.ChildProcess._handle.onexit (internal/child_process.js:215:5)
10 verbose pkgid fire-client@1.0.0
11 verbose cwd /home/jeff/workspace/fire-demo/fire-client
12 error Linux 4.4.0-38-generic
13 error argv "/usr/bin/nodejs" "/usr/local/bin/npm" "start"
14 error node v5.11.0
15 error npm  v2.1.10
16 error code ELIFECYCLE
17 error fire-client@1.0.0 start: `node index`
17 error Exit status 1
18 error Failed at the fire-client@1.0.0 start script 'node index'.
18 error This is most likely a problem with the fire-client package,
18 error not with npm itself.
18 error Tell the author that this fails on your system:
18 error     node index
18 error You can get their info via:
18 error     npm owner ls fire-client
18 error There is likely additional logging output above.
19 verbose exit [ 1, true ]
